<?xml version="1.0" encoding="UTF-8"?>
<testsuite xmlns:xsi="http://www.w3.org/2001/XMLSchema-instance" xsi:noNamespaceSchemaLocation="https://maven.apache.org/surefire/maven-surefire-plugin/xsd/surefire-test-report.xsd" version="3.0.1" name="model.dao.UserManagerTest" time="0.174" tests="22" errors="0" skipped="0" failures="0">
  <properties>
    <property name="java.specification.version" value="21"/>
    <property name="sun.cpu.isalist" value="amd64"/>
    <property name="sun.jnu.encoding" value="Cp1252"/>
    <property name="java.class.path" value="c:\Users\Dyzos\Documents\UTS\Semester 5 (Spring 2025)\Advanced Software Development\Famney\Famney\famney\target\test-classes;c:\Users\Dyzos\Documents\UTS\Semester 5 (Spring 2025)\Advanced Software Development\Famney\Famney\famney\target\classes;C:\Users\Dyzos\.m2\repository\junit\junit\4.11\junit-4.11.jar;C:\Users\Dyzos\.m2\repository\org\hamcrest\hamcrest-core\1.3\hamcrest-core-1.3.jar;C:\Users\Dyzos\.m2\repository\org\postgresql\postgresql\42.7.5\postgresql-42.7.5.jar;C:\Users\Dyzos\.m2\repository\org\checkerframework\checker-qual\3.48.3\checker-qual-3.48.3.jar;C:\Users\Dyzos\.m2\repository\org\xerial\sqlite-jdbc\3.49.1.0\sqlite-jdbc-3.49.1.0.jar;C:\Users\Dyzos\.m2\repository\jakarta\servlet\jakarta.servlet-api\6.1.0\jakarta.servlet-api-6.1.0.jar;C:\Users\Dyzos\.m2\repository\commons-codec\commons-codec\1.15\commons-codec-1.15.jar;C:\Users\Dyzos\.m2\repository\org\junit\jupiter\junit-jupiter-api\5.9.3\junit-jupiter-api-5.9.3.jar;C:\Users\Dyzos\.m2\repository\org\opentest4j\opentest4j\1.2.0\opentest4j-1.2.0.jar;C:\Users\Dyzos\.m2\repository\org\junit\platform\junit-platform-commons\1.9.3\junit-platform-commons-1.9.3.jar;C:\Users\Dyzos\.m2\repository\org\apiguardian\apiguardian-api\1.1.2\apiguardian-api-1.1.2.jar;C:\Users\Dyzos\.m2\repository\org\junit\jupiter\junit-jupiter-engine\5.9.3\junit-jupiter-engine-5.9.3.jar;C:\Users\Dyzos\.m2\repository\org\junit\platform\junit-platform-engine\1.9.3\junit-platform-engine-1.9.3.jar;C:\Users\Dyzos\.m2\repository\org\junit\jupiter\junit-jupiter-params\5.9.3\junit-jupiter-params-5.9.3.jar;"/>
    <property name="java.vm.vendor" value="Oracle Corporation"/>
    <property name="sun.arch.data.model" value="64"/>
    <property name="user.variant" value=""/>
    <property name="java.vendor.url" value="https://java.oracle.com/"/>
    <property name="user.timezone" value="Australia/Sydney"/>
    <property name="os.name" value="Windows 11"/>
    <property name="java.vm.specification.version" value="21"/>
    <property name="sun.java.launcher" value="SUN_STANDARD"/>
    <property name="user.country" value="ID"/>
    <property name="sun.boot.library.path" value="C:\Program Files\Java\jdk-21\bin"/>
    <property name="sun.java.command" value="C:\Users\Dyzos\AppData\Local\Temp\surefire8415687543994851315\surefirebooter-20251002061710092_3.jar C:\Users\Dyzos\AppData\Local\Temp\surefire8415687543994851315 2025-10-02T06-17-09_984-jvmRun1 surefire-20251002061710092_1tmp surefire_0-20251002061710092_2tmp"/>
    <property name="jdk.debug" value="release"/>
    <property name="surefire.test.class.path" value="c:\Users\Dyzos\Documents\UTS\Semester 5 (Spring 2025)\Advanced Software Development\Famney\Famney\famney\target\test-classes;c:\Users\Dyzos\Documents\UTS\Semester 5 (Spring 2025)\Advanced Software Development\Famney\Famney\famney\target\classes;C:\Users\Dyzos\.m2\repository\junit\junit\4.11\junit-4.11.jar;C:\Users\Dyzos\.m2\repository\org\hamcrest\hamcrest-core\1.3\hamcrest-core-1.3.jar;C:\Users\Dyzos\.m2\repository\org\postgresql\postgresql\42.7.5\postgresql-42.7.5.jar;C:\Users\Dyzos\.m2\repository\org\checkerframework\checker-qual\3.48.3\checker-qual-3.48.3.jar;C:\Users\Dyzos\.m2\repository\org\xerial\sqlite-jdbc\3.49.1.0\sqlite-jdbc-3.49.1.0.jar;C:\Users\Dyzos\.m2\repository\jakarta\servlet\jakarta.servlet-api\6.1.0\jakarta.servlet-api-6.1.0.jar;C:\Users\Dyzos\.m2\repository\commons-codec\commons-codec\1.15\commons-codec-1.15.jar;C:\Users\Dyzos\.m2\repository\org\junit\jupiter\junit-jupiter-api\5.9.3\junit-jupiter-api-5.9.3.jar;C:\Users\Dyzos\.m2\repository\org\opentest4j\opentest4j\1.2.0\opentest4j-1.2.0.jar;C:\Users\Dyzos\.m2\repository\org\junit\platform\junit-platform-commons\1.9.3\junit-platform-commons-1.9.3.jar;C:\Users\Dyzos\.m2\repository\org\apiguardian\apiguardian-api\1.1.2\apiguardian-api-1.1.2.jar;C:\Users\Dyzos\.m2\repository\org\junit\jupiter\junit-jupiter-engine\5.9.3\junit-jupiter-engine-5.9.3.jar;C:\Users\Dyzos\.m2\repository\org\junit\platform\junit-platform-engine\1.9.3\junit-platform-engine-1.9.3.jar;C:\Users\Dyzos\.m2\repository\org\junit\jupiter\junit-jupiter-params\5.9.3\junit-jupiter-params-5.9.3.jar;"/>
    <property name="sun.cpu.endian" value="little"/>
    <property name="user.home" value="C:\Users\Dyzos"/>
    <property name="user.language" value="en"/>
    <property name="java.specification.vendor" value="Oracle Corporation"/>
    <property name="java.version.date" value="2023-10-17"/>
    <property name="java.home" value="C:\Program Files\Java\jdk-21"/>
    <property name="file.separator" value="\"/>
    <property name="basedir" value="c:\Users\Dyzos\Documents\UTS\Semester 5 (Spring 2025)\Advanced Software Development\Famney\Famney\famney"/>
    <property name="java.vm.compressedOopsMode" value="Zero based"/>
    <property name="line.separator" value="&#10;"/>
    <property name="java.vm.specification.vendor" value="Oracle Corporation"/>
    <property name="java.specification.name" value="Java Platform API Specification"/>
    <property name="surefire.real.class.path" value="C:\Users\Dyzos\AppData\Local\Temp\surefire8415687543994851315\surefirebooter-20251002061710092_3.jar"/>
    <property name="user.script" value=""/>
    <property name="sun.management.compiler" value="HotSpot 64-Bit Tiered Compilers"/>
    <property name="java.runtime.version" value="21.0.1+12-LTS-29"/>
    <property name="user.name" value="Dyzos"/>
    <property name="stdout.encoding" value="Cp1252"/>
    <property name="path.separator" value=";"/>
    <property name="os.version" value="10.0"/>
    <property name="java.runtime.name" value="Java(TM) SE Runtime Environment"/>
    <property name="file.encoding" value="UTF-8"/>
    <property name="java.vm.name" value="Java HotSpot(TM) 64-Bit Server VM"/>
    <property name="localRepository" value="C:\Users\Dyzos\.m2\repository"/>
    <property name="java.vendor.url.bug" value="https://bugreport.java.com/bugreport/"/>
    <property name="java.io.tmpdir" value="C:\Users\Dyzos\AppData\Local\Temp\"/>
    <property name="java.version" value="21.0.1"/>
    <property name="user.dir" value="c:\Users\Dyzos\Documents\UTS\Semester 5 (Spring 2025)\Advanced Software Development\Famney\Famney\famney"/>
    <property name="os.arch" value="amd64"/>
    <property name="java.vm.specification.name" value="Java Virtual Machine Specification"/>
    <property name="sun.os.patch.level" value=""/>
    <property name="native.encoding" value="Cp1252"/>
    <property name="java.library.path" value="C:\Program Files\Java\jdk-21\bin;C:\WINDOWS\Sun\Java\bin;C:\WINDOWS\system32;C:\WINDOWS;C:\Program Files (x86)\Common Files\Intel\Shared Libraries\redist\intel64\compiler;C:\Program Files\Common Files\Oracle\Java\javapath;C:\Program Files (x86)\Common Files\Oracle\Java\java8path;C:\Program Files (x86)\Common Files\Oracle\Java\javapath;C:\WINDOWS\system32;C:\WINDOWS;C:\WINDOWS\System32\Wbem;C:\WINDOWS\System32\WindowsPowerShell\v1.0\;C:\WINDOWS\System32\OpenSSH\;C:\Program Files (x86)\NVIDIA Corporation\PhysX\Common;C:\Program Files\dotnet\;C:\Program Files\Maven\apache-maven-3.9.9\bin;C:\Program Files\Git\cmd;C:\Program Files\CMake\bin;C:\mingw64\bin;;C:\Program Files\NVIDIA Corporation\NVIDIA App\NvDLISR;C:\Program Files\Microsoft SQL Server\150\Tools\Binn\;C:\Program Files\Microsoft SQL Server\Client SDK\ODBC\170\Tools\Binn\;C:\Users\Dyzos\AppData\Local\Microsoft\WindowsApps;C:\Users\Dyzos\AppData\Local\Programs\Microsoft VS Code\bin;C:\Users\Dyzos\.dotnet\tools;c:\Users\Dyzos\AppData\Roaming\Code\User\globalStorage\github.copilot-chat\debugCommand;."/>
    <property name="java.vm.info" value="mixed mode, sharing"/>
    <property name="stderr.encoding" value="Cp1252"/>
    <property name="java.vendor" value="Oracle Corporation"/>
    <property name="java.vm.version" value="21.0.1+12-LTS-29"/>
    <property name="sun.io.unicode.encoding" value="UnicodeLittle"/>
    <property name="java.class.version" value="65.0"/>
  </properties>
  <testcase name="testAuthenticate_PendingRole" classname="model.dao.UserManagerTest" time="0.008"/>
  <testcase name="testAuthenticate_ValidCredentials" classname="model.dao.UserManagerTest" time="0.002"/>
  <testcase name="testFindByEmail_NotExists" classname="model.dao.UserManagerTest" time="0.001"/>
  <testcase name="testCleanupInactiveUser_NoInactiveUser" classname="model.dao.UserManagerTest" time="0.002"/>
  <testcase name="testGetPendingUsers_NoPending" classname="model.dao.UserManagerTest" time="0.001"/>
  <testcase name="testUpdateUser" classname="model.dao.UserManagerTest" time="0.002"/>
  <testcase name="testFindByEmail_Exists" classname="model.dao.UserManagerTest" time="0.002"/>
  <testcase name="testAuthenticate_WrongPassword" classname="model.dao.UserManagerTest" time="0.001"/>
  <testcase name="testUpdateUserRole" classname="model.dao.UserManagerTest" time="0.001"/>
  <testcase name="testCreateUser_WithNullRole" classname="model.dao.UserManagerTest" time="0.001"/>
  <testcase name="testDeactivateAllFamilyUsers" classname="model.dao.UserManagerTest" time="0.024"/>
  <testcase name="testEmailExists_OnlyActiveUsers" classname="model.dao.UserManagerTest" time="0.014"/>
  <testcase name="testCleanupInactiveUser" classname="model.dao.UserManagerTest" time="0.001"/>
  <testcase name="testUpdatePassword" classname="model.dao.UserManagerTest" time="0.001"/>
  <testcase name="testDeleteUser" classname="model.dao.UserManagerTest" time="0.001"/>
  <testcase name="testUpdateUserRole_AssignPendingRole" classname="model.dao.UserManagerTest" time="0.001"/>
  <testcase name="testGetUsersByFamily" classname="model.dao.UserManagerTest" time="0.058"/>
  <testcase name="testCreateUser_Success" classname="model.dao.UserManagerTest" time="0.001"/>
  <testcase name="testGetPendingUsers" classname="model.dao.UserManagerTest" time="0.03"/>
  <testcase name="testPasswordHashingOnCreation" classname="model.dao.UserManagerTest" time="0.003"/>
  <testcase name="testAuthenticate_NonExistentEmail" classname="model.dao.UserManagerTest" time="0.002"/>
  <testcase name="testCreateUser_DuplicateEmail" classname="model.dao.UserManagerTest" time="0.004"/>
</testsuite>