<?xml version="1.0" encoding="UTF-8"?>
<testsuite xmlns:xsi="http://www.w3.org/2001/XMLSchema-instance" xsi:noNamespaceSchemaLocation="https://maven.apache.org/surefire/maven-surefire-plugin/xsd/surefire-test-report.xsd" version="3.0.1" name="model.dao.SavingsGoalManagerTest" time="0.635" tests="20" errors="0" skipped="0" failures="0">
  <properties>
    <property name="java.specification.version" value="21"/>
    <property name="sun.cpu.isalist" value="amd64"/>
    <property name="sun.jnu.encoding" value="Cp1252"/>
    <property name="java.class.path" value="C:\Year 3 First Semester\Advanced Software Development\Github\Famney\famney\target\test-classes;C:\Year 3 First Semester\Advanced Software Development\Github\Famney\famney\target\classes;C:\Users\h3278\.m2\repository\junit\junit\4.11\junit-4.11.jar;C:\Users\h3278\.m2\repository\org\hamcrest\hamcrest-core\1.3\hamcrest-core-1.3.jar;C:\Users\h3278\.m2\repository\org\postgresql\postgresql\42.7.5\postgresql-42.7.5.jar;C:\Users\h3278\.m2\repository\org\checkerframework\checker-qual\3.48.3\checker-qual-3.48.3.jar;C:\Users\h3278\.m2\repository\org\xerial\sqlite-jdbc\3.49.1.0\sqlite-jdbc-3.49.1.0.jar;C:\Users\h3278\.m2\repository\jakarta\servlet\jakarta.servlet-api\6.1.0\jakarta.servlet-api-6.1.0.jar;C:\Users\h3278\.m2\repository\commons-codec\commons-codec\1.15\commons-codec-1.15.jar;C:\Users\h3278\.m2\repository\org\junit\jupiter\junit-jupiter-api\5.9.3\junit-jupiter-api-5.9.3.jar;C:\Users\h3278\.m2\repository\org\opentest4j\opentest4j\1.2.0\opentest4j-1.2.0.jar;C:\Users\h3278\.m2\repository\org\junit\platform\junit-platform-commons\1.9.3\junit-platform-commons-1.9.3.jar;C:\Users\h3278\.m2\repository\org\apiguardian\apiguardian-api\1.1.2\apiguardian-api-1.1.2.jar;C:\Users\h3278\.m2\repository\org\junit\jupiter\junit-jupiter-engine\5.9.3\junit-jupiter-engine-5.9.3.jar;C:\Users\h3278\.m2\repository\org\junit\platform\junit-platform-engine\1.9.3\junit-platform-engine-1.9.3.jar;C:\Users\h3278\.m2\repository\org\junit\jupiter\junit-jupiter-params\5.9.3\junit-jupiter-params-5.9.3.jar;"/>
    <property name="java.vm.vendor" value="Oracle Corporation"/>
    <property name="sun.arch.data.model" value="64"/>
    <property name="user.variant" value=""/>
    <property name="java.vendor.url" value="https://java.oracle.com/"/>
    <property name="user.timezone" value="Australia/Sydney"/>
    <property name="os.name" value="Windows 11"/>
    <property name="java.vm.specification.version" value="21"/>
    <property name="sun.java.launcher" value="SUN_STANDARD"/>
    <property name="user.country" value="CN"/>
    <property name="sun.boot.library.path" value="C:\Program Files\Java\jdk-21\bin"/>
    <property name="sun.java.command" value="C:\Users\h3278\AppData\Local\Temp\surefire4296852002590220208\surefirebooter-20251006143813486_3.jar C:\Users\h3278\AppData\Local\Temp\surefire4296852002590220208 2025-10-06T14-38-13_260-jvmRun1 surefire-20251006143813486_1tmp surefire_0-20251006143813486_2tmp"/>
    <property name="jdk.debug" value="release"/>
    <property name="surefire.test.class.path" value="C:\Year 3 First Semester\Advanced Software Development\Github\Famney\famney\target\test-classes;C:\Year 3 First Semester\Advanced Software Development\Github\Famney\famney\target\classes;C:\Users\h3278\.m2\repository\junit\junit\4.11\junit-4.11.jar;C:\Users\h3278\.m2\repository\org\hamcrest\hamcrest-core\1.3\hamcrest-core-1.3.jar;C:\Users\h3278\.m2\repository\org\postgresql\postgresql\42.7.5\postgresql-42.7.5.jar;C:\Users\h3278\.m2\repository\org\checkerframework\checker-qual\3.48.3\checker-qual-3.48.3.jar;C:\Users\h3278\.m2\repository\org\xerial\sqlite-jdbc\3.49.1.0\sqlite-jdbc-3.49.1.0.jar;C:\Users\h3278\.m2\repository\jakarta\servlet\jakarta.servlet-api\6.1.0\jakarta.servlet-api-6.1.0.jar;C:\Users\h3278\.m2\repository\commons-codec\commons-codec\1.15\commons-codec-1.15.jar;C:\Users\h3278\.m2\repository\org\junit\jupiter\junit-jupiter-api\5.9.3\junit-jupiter-api-5.9.3.jar;C:\Users\h3278\.m2\repository\org\opentest4j\opentest4j\1.2.0\opentest4j-1.2.0.jar;C:\Users\h3278\.m2\repository\org\junit\platform\junit-platform-commons\1.9.3\junit-platform-commons-1.9.3.jar;C:\Users\h3278\.m2\repository\org\apiguardian\apiguardian-api\1.1.2\apiguardian-api-1.1.2.jar;C:\Users\h3278\.m2\repository\org\junit\jupiter\junit-jupiter-engine\5.9.3\junit-jupiter-engine-5.9.3.jar;C:\Users\h3278\.m2\repository\org\junit\platform\junit-platform-engine\1.9.3\junit-platform-engine-1.9.3.jar;C:\Users\h3278\.m2\repository\org\junit\jupiter\junit-jupiter-params\5.9.3\junit-jupiter-params-5.9.3.jar;"/>
    <property name="sun.cpu.endian" value="little"/>
    <property name="user.home" value="C:\Users\h3278"/>
    <property name="user.language" value="zh"/>
    <property name="java.specification.vendor" value="Oracle Corporation"/>
    <property name="java.version.date" value="2023-09-19"/>
    <property name="java.home" value="C:\Program Files\Java\jdk-21"/>
    <property name="file.separator" value="\"/>
    <property name="basedir" value="C:\Year 3 First Semester\Advanced Software Development\Github\Famney\famney"/>
    <property name="java.vm.compressedOopsMode" value="32-bit"/>
    <property name="line.separator" value="&#10;"/>
    <property name="java.vm.specification.vendor" value="Oracle Corporation"/>
    <property name="java.specification.name" value="Java Platform API Specification"/>
    <property name="surefire.real.class.path" value="C:\Users\h3278\AppData\Local\Temp\surefire4296852002590220208\surefirebooter-20251006143813486_3.jar"/>
    <property name="user.script" value=""/>
    <property name="sun.management.compiler" value="HotSpot 64-Bit Tiered Compilers"/>
    <property name="java.runtime.version" value="21+35-LTS-2513"/>
    <property name="user.name" value="Terrence"/>
    <property name="stdout.encoding" value="Cp1252"/>
    <property name="path.separator" value=";"/>
    <property name="os.version" value="10.0"/>
    <property name="java.runtime.name" value="Java(TM) SE Runtime Environment"/>
    <property name="file.encoding" value="UTF-8"/>
    <property name="java.vm.name" value="Java HotSpot(TM) 64-Bit Server VM"/>
    <property name="localRepository" value="C:\Users\h3278\.m2\repository"/>
    <property name="java.vendor.url.bug" value="https://bugreport.java.com/bugreport/"/>
    <property name="java.io.tmpdir" value="C:\Users\h3278\AppData\Local\Temp\"/>
    <property name="java.version" value="21"/>
    <property name="user.dir" value="C:\Year 3 First Semester\Advanced Software Development\Github\Famney\famney"/>
    <property name="os.arch" value="amd64"/>
    <property name="java.vm.specification.name" value="Java Virtual Machine Specification"/>
    <property name="sun.os.patch.level" value=""/>
    <property name="native.encoding" value="Cp1252"/>
    <property name="java.library.path" value="C:\Program Files\Java\jdk-21\bin;C:\WINDOWS\Sun\Java\bin;C:\WINDOWS\system32;C:\WINDOWS;C:\Program Files\Common Files\Oracle\Java\javapath;C:\Program Files (x86)\Common Files\Oracle\Java\java8path;C:\Program Files (x86)\Common Files\Oracle\Java\javapath;C:\WINDOWS\system32;C:\WINDOWS;C:\WINDOWS\System32\Wbem;C:\WINDOWS\System32\WindowsPowerShell\v1.0\;C:\WINDOWS\System32\OpenSSH\;C:\Program Files\dotnet\;C:\Program Files\Microsoft SQL Server\150\Tools\Binn\;C:\Program Files\Microsoft SQL Server\Client SDK\ODBC\170\Tools\Binn\;C:\Program Files\Git\cmd;C:\Program Files\nodejs\;C:\Year 3 First Semester\Advanced Software Development\maven\apache-maven-3.9.11\bin;C:\Users\h3278\AppData\Local\Programs\Python\Python311;C:\Users\h3278\AppData\Local\Programs\Python\Python311\Scripts;C:\Program Files\PostgreSQL\18\bin;C:\Users\h3278\AppData\Local\Programs\Python\Launcher\;C:\Users\h3278\AppData\Local\Microsoft\WindowsApps;C:\Diploma\Visual Studio Code\Microsoft VS Code\bin;C:\Users\h3278\.dotnet\tools;C:\Users\h3278\AppData\Local\GitHubDesktop\bin;C:\Users\h3278\AppData\Roaming\npm;c:\Users\h3278\AppData\Roaming\Code\User\globalStorage\github.copilot-chat\debugCommand;."/>
    <property name="java.vm.info" value="mixed mode, sharing"/>
    <property name="stderr.encoding" value="Cp1252"/>
    <property name="java.vendor" value="Oracle Corporation"/>
    <property name="java.vm.version" value="21+35-LTS-2513"/>
    <property name="sun.io.unicode.encoding" value="UnicodeLittle"/>
    <property name="java.class.version" value="65.0"/>
  </properties>
  <testcase name="testGetFamilySavingsGoals_Empty" classname="model.dao.SavingsGoalManagerTest" time="0.032"/>
  <testcase name="testAddToSavingsGoal_CompletesGoal" classname="model.dao.SavingsGoalManagerTest" time="0.018"/>
  <testcase name="testAddToSavingsGoal_ExceedsTarget" classname="model.dao.SavingsGoalManagerTest" time="0.0"/>
  <testcase name="testAddToSavingsGoal_MultipleContributions" classname="model.dao.SavingsGoalManagerTest" time="0.005"/>
  <testcase name="testAddToSavingsGoal_NonExistentGoal" classname="model.dao.SavingsGoalManagerTest" time="0.0"/>
  <testcase name="testGetCompletedGoals" classname="model.dao.SavingsGoalManagerTest" time="0.025"/>
  <testcase name="testAddToSavingsGoal_AlreadyCompleted" classname="model.dao.SavingsGoalManagerTest" time="0.002"/>
  <testcase name="testCreateSavingsGoal_NullDescription" classname="model.dao.SavingsGoalManagerTest" time="0.002"/>
  <testcase name="testGetActiveGoalCount" classname="model.dao.SavingsGoalManagerTest" time="0.041"/>
  <testcase name="testDeleteSavingsGoal_Success" classname="model.dao.SavingsGoalManagerTest" time="0.004"/>
  <testcase name="testGetFamilySavingsGoals_MultipleGoals" classname="model.dao.SavingsGoalManagerTest" time="0.043"/>
  <testcase name="testGetTotalSaved" classname="model.dao.SavingsGoalManagerTest" time="0.021"/>
  <testcase name="testAddToSavingsGoal_NegativeAmount" classname="model.dao.SavingsGoalManagerTest" time="0.004"/>
  <testcase name="testCreateSavingsGoal_Success" classname="model.dao.SavingsGoalManagerTest" time="0.006"/>
  <testcase name="testUpdateSavingsGoal_Success" classname="model.dao.SavingsGoalManagerTest" time="0.007"/>
  <testcase name="testGetActiveGoals" classname="model.dao.SavingsGoalManagerTest" time="0.037"/>
  <testcase name="testGetSavingsGoalById_Success" classname="model.dao.SavingsGoalManagerTest" time="0.007"/>
  <testcase name="testAddToSavingsGoal_Success" classname="model.dao.SavingsGoalManagerTest" time="0.001"/>
  <testcase name="testCreateSavingsGoal_NullTargetDate" classname="model.dao.SavingsGoalManagerTest" time="0.0"/>
  <testcase name="testGetSavingsGoalById_NotFound" classname="model.dao.SavingsGoalManagerTest" time="0.0"/>
</testsuite>